[debug] [2022-09-23T16:26:25.660Z] ----------------------------------------------------------------------
[debug] [2022-09-23T16:26:25.662Z] Command:       C:\Program Files\nodejs\node.exe C:\Users\faelg\AppData\Roaming\npm\node_modules\firebase-tools\lib\bin\firebase.js init
[debug] [2022-09-23T16:26:25.663Z] CLI Version:   11.10.0
[debug] [2022-09-23T16:26:25.663Z] Platform:      win32
[debug] [2022-09-23T16:26:25.663Z] Node Version:  v16.15.0
[debug] [2022-09-23T16:26:25.664Z] Time:          Fri Sep 23 2022 11:26:25 GMT-0500 (Central Daylight Time)
[debug] [2022-09-23T16:26:25.664Z] ----------------------------------------------------------------------
[debug] 
[debug] [2022-09-23T16:26:25.670Z] > command requires scopes: ["email","openid","https://www.googleapis.com/auth/cloudplatformprojects.readonly","https://www.googleapis.com/auth/firebase","https://www.googleapis.com/auth/cloud-platform"]
[debug] [2022-09-23T16:26:25.670Z] > authorizing via signed-in user (rafaelgomesma83@gmail.com)
[info] 
     ######## #### ########  ######## ########     ###     ######  ########
     ##        ##  ##     ## ##       ##     ##  ##   ##  ##       ##
     ######    ##  ########  ######   ########  #########  ######  ######
     ##        ##  ##    ##  ##       ##     ## ##     ##       ## ##
     ##       #### ##     ## ######## ########  ##     ##  ######  ########

You're about to initialize a Firebase project in this directory:

  C:\Users\faelg\OneDrive\Desktop\react-portfolio-website-master

[info] 
=== Project Setup
[info] 
[info] First, let's associate this project directory with a Firebase project.
[info] You can create multiple project aliases by running firebase use --add, 
[info] but for now we'll just set up a default project.
[info] 
[debug] [2022-09-23T16:27:26.345Z] >>> [apiv2][query] GET https://firebase.googleapis.com/v1beta1/projects pageSize=100
[debug] [2022-09-23T16:27:27.033Z] <<< [apiv2][status] GET https://firebase.googleapis.com/v1beta1/projects 200
[debug] [2022-09-23T16:27:27.034Z] <<< [apiv2][body] GET https://firebase.googleapis.com/v1beta1/projects [omitted]
[info] i  Using project fir-try-853ed (FireBase-Try) 
[info] 
=== Hosting Setup
[info] 
[info] Your public directory is the folder (relative to your project directory) that
[info] will contain Hosting assets to be uploaded with firebase deploy. If you
[info] have a build process for your assets, use your build's output directory.
[info] 
[debug] [2022-09-23T16:31:37.131Z] >>> [apiv2][query] GET https://www.gstatic.com/firebasejs/releases.json [none]
[debug] [2022-09-23T16:31:37.277Z] <<< [apiv2][status] GET https://www.gstatic.com/firebasejs/releases.json 200
[debug] [2022-09-23T16:31:37.278Z] <<< [apiv2][body] GET https://www.gstatic.com/firebasejs/releases.json {"current":{"version":"9.10.0","browserURL":"https://www.gstatic.com/firebasejs/9.10.0/firebase.js","packageURL":"https://www.gstatic.com/firebasejs/9.10.0/firebase.tgz"},"live":{"version":"9.10","browserURL":"https://www.gstatic.com/firebasejs/live/9.10/firebase.js","packageURL":"https://www.gstatic.com/firebasejs/live/9.10/firebase.tgz"},"components":{"analytics":"https://www.gstatic.com/firebasejs/9.10.0/firebase-analytics.js","app":"https://www.gstatic.com/firebasejs/9.10.0/firebase-app.js","app-check":"https://www.gstatic.com/firebasejs/9.10.0/firebase-app-check.js","auth":"https://www.gstatic.com/firebasejs/9.10.0/firebase-auth.js","auth/cordova":"https://www.gstatic.com/firebasejs/9.10.0/firebase-auth/cordova.js","auth/react-native":"https://www.gstatic.com/firebasejs/9.10.0/firebase-auth/react-native.js","functions":"https://www.gstatic.com/firebasejs/9.10.0/firebase-functions.js","firestore":"https://www.gstatic.com/firebasejs/9.10.0/firebase-firestore.js","firestore/lite":"https://www.gstatic.com/firebasejs/9.10.0/firebase-firestore/lite.js","installations":"https://www.gstatic.com/firebasejs/9.10.0/firebase-installations.js","storage":"https://www.gstatic.com/firebasejs/9.10.0/firebase-storage.js","performance":"https://www.gstatic.com/firebasejs/9.10.0/firebase-performance.js","remote-config":"https://www.gstatic.com/firebasejs/9.10.0/firebase-remote-config.js","messaging":"https://www.gstatic.com/firebasejs/9.10.0/firebase-messaging.js","messaging/sw":"https://www.gstatic.com/firebasejs/9.10.0/firebase-messaging/sw.js","database":"https://www.gstatic.com/firebasejs/9.10.0/firebase-database.js","firestore.memory":"https://www.gstatic.com/firebasejs/9.10.0/firebase-firestore.memory.js"}}
[info] i  Skipping write of public/index.html 
[info] 
[info] i  Didn't detect a .git folder. Assuming C:\Users\faelg\OneDrive\Desktop\react-portfolio-website-master is the project root. 
[info] i  Authorizing with GitHub to upload your service account to a GitHub repository's secrets store. 
[info] 
[info] Visit this URL on this device to log in:
[info] https://github.com/login/oauth/authorize?client_id=89cf50f02ac6aaed3484&state=145670896&redirect_uri=http%3A%2F%2Flocalhost%3A9005&scope=read%3Auser%20repo%20public_repo
[info] 
[info] Waiting for authentication...
[debug] [2022-09-23T16:32:06.547Z] >>> [apiv2][query] POST https://github.com/login/oauth/access_token [none]
[debug] [2022-09-23T16:32:06.547Z] >>> [apiv2][body] POST https://github.com/login/oauth/access_token [stream]
[debug] [2022-09-23T16:32:06.829Z] <<< [apiv2][status] POST https://github.com/login/oauth/access_token 200
[debug] [2022-09-23T16:32:06.829Z] <<< [apiv2][body] POST https://github.com/login/oauth/access_token {"access_token":"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","token_type":"bearer","scope":"read:user,repo"}
[debug] [2022-09-23T16:32:06.834Z] >>> [apiv2][query] GET https://api.github.com/user [none]
[debug] [2022-09-23T16:32:07.464Z] <<< [apiv2][status] GET https://api.github.com/user 200
[debug] [2022-09-23T16:32:07.464Z] <<< [apiv2][body] GET https://api.github.com/user {"login":"RafaelGom","id":104327225,"node_id":"U_kgDOBjfoOQ","avatar_url":"https://avatars.githubusercontent.com/u/104327225?v=4","gravatar_id":"","url":"https://api.github.com/users/RafaelGom","html_url":"https://github.com/RafaelGom","followers_url":"https://api.github.com/users/RafaelGom/followers","following_url":"https://api.github.com/users/RafaelGom/following{/other_user}","gists_url":"https://api.github.com/users/RafaelGom/gists{/gist_id}","starred_url":"https://api.github.com/users/RafaelGom/starred{/owner}{/repo}","subscriptions_url":"https://api.github.com/users/RafaelGom/subscriptions","organizations_url":"https://api.github.com/users/RafaelGom/orgs","repos_url":"https://api.github.com/users/RafaelGom/repos","events_url":"https://api.github.com/users/RafaelGom/events{/privacy}","received_events_url":"https://api.github.com/users/RafaelGom/received_events","type":"User","site_admin":false,"name":null,"company":null,"blog":"","location":null,"email":null,"hireable":null,"bio":null,"twitter_username":null,"public_repos":2,"public_gists":0,"followers":1,"following":0,"created_at":"2022-04-24T21:44:35Z","updated_at":"2022-06-17T18:00:26Z","private_gists":0,"total_private_repos":6,"owned_private_repos":6,"disk_usage":1949,"collaborators":2,"two_factor_authentication":false,"plan":{"name":"free","space":976562499,"collaborators":0,"private_repos":10000}}
[info] 
[info] +  Success! Logged into GitHub as RafaelGom 
[info] 
